2024-12-13 11:02:52,547 [INFO] WebApp:189 - Connection lost
2024-12-13 11:03:01,045 [INFO] WebApp:186 - Connection restablished
2024-12-13 11:03:04,128 [INFO] WebApp:189 - Connection lost
2024-12-13 11:03:04,286 [INFO] WebApp:186 - Connection restablished
2024-12-13 11:03:06,963 [INFO] WebApp:189 - Connection lost
2024-12-13 11:03:07,089 [INFO] WebApp:186 - Connection restablished
2024-12-13 14:00:17,176 [WARN] MainPanel:400 - Warning: This peripheral has no parameters to be configured
2024-12-13 14:00:20,380 [INFO] NvicIntPanel:101 - NVIC parent = com.st.microxplorer.plugins.ip.nvic.MultiNvicIntPanel[,0,0,574x398,layout=javax.swing.BoxLayout,alignmentX=0.0,alignmentY=0.0,border=,flags=9,maximumSize=,minimumSize=,preferredSize=]
2024-12-13 14:00:24,821 [INFO] UtilMem:75 - End SaveConfig() Used Memory: 784307064 Bytes (1073741824)
2024-12-13 14:00:26,245 [INFO] UtilMem:75 - End SaveConfig() Used Memory: 817338352 Bytes (1073741824)
2024-12-13 14:00:32,774 [INFO] UtilMem:75 - End SaveConfig() Used Memory: 754039272 Bytes (1073741824)
2024-12-13 14:00:33,111 [INFO] BlockDiagram:2766 - set Specific Code input for plugin: RNG
2024-12-13 14:00:33,111 [INFO] BlockDiagram:2766 - set Specific Code input for plugin: FREERTOS
2024-12-13 14:00:33,111 [INFO] BlockDiagram:2766 - set Specific Code input for plugin: SYS
2024-12-13 14:00:33,111 [INFO] BlockDiagram:2766 - set Specific Code input for plugin: RCC
2024-12-13 14:00:33,112 [INFO] BlockDiagram:2766 - set Specific Code input for plugin: NVIC
2024-12-13 14:00:33,112 [INFO] BlockDiagram:2766 - set Specific Code input for plugin: LWIP
2024-12-13 14:00:33,112 [INFO] BlockDiagram:2766 - set Specific Code input for plugin: USART
2024-12-13 14:00:33,113 [INFO] BlockDiagram:2766 - set Specific Code input for plugin: GPIO
2024-12-13 14:00:33,113 [INFO] BlockDiagram:2766 - set Specific Code input for plugin: ETH
2024-12-13 14:00:33,114 [INFO] CodeGenerator:807 - code generatio: config db path: C:\ST\STM32CubeIDE_1.16.1\STM32CubeIDE\plugins\com.st.stm32cube.common.mx_6.12.1.202409122256\\db\
2024-12-13 14:00:33,122 [WARN] IP:2191 - LWIP_NETIF_HOSTNAME_NAME not found: check if there is a RefParameter without a condition.
2024-12-13 14:00:33,283 [INFO] CodeEngine:255 - oldGeneratedFile, C:\Users\marti\Documents\____school\Mikrocontrolers\MKS_Public\sesion_ETH\MXTmpFiles\license.tmp_save
2024-12-13 14:00:33,395 [INFO] CodeEngine:279 - Generated code: C:\Users\marti\Documents\____school\Mikrocontrolers\MKS_Public\sesion_ETH\MXTmpFiles\license.tmp
2024-12-13 14:00:33,449 [INFO] CodeEngine:255 - oldGeneratedFile, C:\Users\marti\Documents\____school\Mikrocontrolers\MKS_Public\sesion_ETH\MXTmpFiles\gpio.tmp_save
2024-12-13 14:00:33,547 [INFO] CodeEngine:279 - Generated code: C:\Users\marti\Documents\____school\Mikrocontrolers\MKS_Public\sesion_ETH\MXTmpFiles\gpio.tmp
2024-12-13 14:00:33,595 [INFO] CodeEngine:255 - oldGeneratedFile, C:\Users\marti\Documents\____school\Mikrocontrolers\MKS_Public\sesion_ETH\MXTmpFiles\eth_vars.tmp_save
2024-12-13 14:00:33,669 [INFO] CodeEngine:279 - Generated code: C:\Users\marti\Documents\____school\Mikrocontrolers\MKS_Public\sesion_ETH\MXTmpFiles\eth_vars.tmp
2024-12-13 14:00:33,679 [INFO] CodeEngine:255 - oldGeneratedFile, C:\Users\marti\Documents\____school\Mikrocontrolers\MKS_Public\sesion_ETH\MXTmpFiles\eth_inc.tmp_save
2024-12-13 14:00:33,741 [INFO] CodeEngine:279 - Generated code: C:\Users\marti\Documents\____school\Mikrocontrolers\MKS_Public\sesion_ETH\MXTmpFiles\eth_inc.tmp
2024-12-13 14:00:33,762 [INFO] CodeEngine:255 - oldGeneratedFile, C:\Users\marti\Documents\____school\Mikrocontrolers\MKS_Public\sesion_ETH\MXTmpFiles\eth_HalInit.tmp_save
2024-12-13 14:00:33,849 [INFO] CodeEngine:279 - Generated code: C:\Users\marti\Documents\____school\Mikrocontrolers\MKS_Public\sesion_ETH\MXTmpFiles\eth_HalInit.tmp
2024-12-13 14:00:33,864 [INFO] CodeEngine:255 - oldGeneratedFile, C:\Users\marti\Documents\____school\Mikrocontrolers\MKS_Public\sesion_ETH\MXTmpFiles\eth_Msp.tmp_save
2024-12-13 14:00:33,952 [INFO] CodeEngine:279 - Generated code: C:\Users\marti\Documents\____school\Mikrocontrolers\MKS_Public\sesion_ETH\MXTmpFiles\eth_Msp.tmp
2024-12-13 14:00:34,074 [INFO] Middleware:1439 - No code input for Bsp Dependency
2024-12-13 14:00:34,086 [INFO] CodeEngine:255 - oldGeneratedFile, C:\Users\marti\Documents\____school\Mikrocontrolers\MKS_Public\sesion_ETH\MXTmpFiles\rtos_inc.tmp_save
2024-12-13 14:00:34,160 [INFO] CodeEngine:279 - Generated code: C:\Users\marti\Documents\____school\Mikrocontrolers\MKS_Public\sesion_ETH\MXTmpFiles\rtos_inc.tmp
2024-12-13 14:00:34,173 [INFO] CodeEngine:255 - oldGeneratedFile, C:\Users\marti\Documents\____school\Mikrocontrolers\MKS_Public\sesion_ETH\MXTmpFiles\rtos_vars.tmp_save
2024-12-13 14:00:34,246 [INFO] CodeEngine:279 - Generated code: C:\Users\marti\Documents\____school\Mikrocontrolers\MKS_Public\sesion_ETH\MXTmpFiles\rtos_vars.tmp
2024-12-13 14:00:34,261 [INFO] CodeEngine:255 - oldGeneratedFile, C:\Users\marti\Documents\____school\Mikrocontrolers\MKS_Public\sesion_ETH\MXTmpFiles\rtos_pfp.tmp_save
2024-12-13 14:00:34,338 [INFO] CodeEngine:279 - Generated code: C:\Users\marti\Documents\____school\Mikrocontrolers\MKS_Public\sesion_ETH\MXTmpFiles\rtos_pfp.tmp
2024-12-13 14:00:34,350 [INFO] CodeEngine:255 - oldGeneratedFile, C:\Users\marti\Documents\____school\Mikrocontrolers\MKS_Public\sesion_ETH\MXTmpFiles\rtos_obj_creat.tmp_save
2024-12-13 14:00:34,427 [INFO] CodeEngine:279 - Generated code: C:\Users\marti\Documents\____school\Mikrocontrolers\MKS_Public\sesion_ETH\MXTmpFiles\rtos_obj_creat.tmp
2024-12-13 14:00:34,437 [INFO] CodeEngine:255 - oldGeneratedFile, C:\Users\marti\Documents\____school\Mikrocontrolers\MKS_Public\sesion_ETH\MXTmpFiles\rtos_kernelStart.tmp_save
2024-12-13 14:00:34,499 [INFO] CodeEngine:279 - Generated code: C:\Users\marti\Documents\____school\Mikrocontrolers\MKS_Public\sesion_ETH\MXTmpFiles\rtos_kernelStart.tmp
2024-12-13 14:00:34,517 [INFO] CodeEngine:255 - oldGeneratedFile, C:\Users\marti\Documents\____school\Mikrocontrolers\MKS_Public\sesion_ETH\MXTmpFiles\rtos_default_thread.tmp_save
2024-12-13 14:00:34,594 [INFO] CodeEngine:279 - Generated code: C:\Users\marti\Documents\____school\Mikrocontrolers\MKS_Public\sesion_ETH\MXTmpFiles\rtos_default_thread.tmp
2024-12-13 14:00:34,612 [INFO] CodeEngine:255 - oldGeneratedFile, C:\Users\marti\Documents\____school\Mikrocontrolers\MKS_Public\sesion_ETH\MXTmpFiles\rtos_threads.tmp_save
2024-12-13 14:00:34,675 [INFO] CodeEngine:279 - Generated code: C:\Users\marti\Documents\____school\Mikrocontrolers\MKS_Public\sesion_ETH\MXTmpFiles\rtos_threads.tmp
2024-12-13 14:00:34,684 [INFO] Middleware:1439 - No code input for Bsp Dependency
2024-12-13 14:00:34,696 [INFO] Middleware:1439 - No code input for Bsp Dependency
2024-12-13 14:00:34,704 [INFO] CodeEngine:255 - oldGeneratedFile, C:\Users\marti\Documents\____school\Mikrocontrolers\MKS_Public\sesion_ETH\MXTmpFiles\rtos_inc.tmp_save
2024-12-13 14:00:34,771 [INFO] CodeEngine:279 - Generated code: C:\Users\marti\Documents\____school\Mikrocontrolers\MKS_Public\sesion_ETH\MXTmpFiles\rtos_inc.tmp
2024-12-13 14:00:34,776 [INFO] CodeEngine:255 - oldGeneratedFile, C:\Users\marti\Documents\____school\Mikrocontrolers\MKS_Public\sesion_ETH\MXTmpFiles\rtos_vars.tmp_save
2024-12-13 14:00:34,829 [INFO] CodeEngine:279 - Generated code: C:\Users\marti\Documents\____school\Mikrocontrolers\MKS_Public\sesion_ETH\MXTmpFiles\rtos_vars.tmp
2024-12-13 14:00:34,834 [INFO] CodeEngine:255 - oldGeneratedFile, C:\Users\marti\Documents\____school\Mikrocontrolers\MKS_Public\sesion_ETH\MXTmpFiles\rtos_pfp.tmp_save
2024-12-13 14:00:34,885 [INFO] CodeEngine:279 - Generated code: C:\Users\marti\Documents\____school\Mikrocontrolers\MKS_Public\sesion_ETH\MXTmpFiles\rtos_pfp.tmp
2024-12-13 14:00:34,900 [INFO] CodeEngine:255 - oldGeneratedFile, C:\Users\marti\Documents\____school\Mikrocontrolers\MKS_Public\sesion_ETH\MXTmpFiles\rtos_obj_creat.tmp_save
2024-12-13 14:00:34,963 [INFO] CodeEngine:279 - Generated code: C:\Users\marti\Documents\____school\Mikrocontrolers\MKS_Public\sesion_ETH\MXTmpFiles\rtos_obj_creat.tmp
2024-12-13 14:00:34,968 [INFO] CodeEngine:255 - oldGeneratedFile, C:\Users\marti\Documents\____school\Mikrocontrolers\MKS_Public\sesion_ETH\MXTmpFiles\rtos_kernelStart.tmp_save
2024-12-13 14:00:35,018 [INFO] CodeEngine:279 - Generated code: C:\Users\marti\Documents\____school\Mikrocontrolers\MKS_Public\sesion_ETH\MXTmpFiles\rtos_kernelStart.tmp
2024-12-13 14:00:35,023 [INFO] CodeEngine:255 - oldGeneratedFile, C:\Users\marti\Documents\____school\Mikrocontrolers\MKS_Public\sesion_ETH\MXTmpFiles\rtos_default_thread.tmp_save
2024-12-13 14:00:35,084 [INFO] CodeEngine:279 - Generated code: C:\Users\marti\Documents\____school\Mikrocontrolers\MKS_Public\sesion_ETH\MXTmpFiles\rtos_default_thread.tmp
2024-12-13 14:00:35,090 [INFO] CodeEngine:255 - oldGeneratedFile, C:\Users\marti\Documents\____school\Mikrocontrolers\MKS_Public\sesion_ETH\MXTmpFiles\rtos_threads.tmp_save
2024-12-13 14:00:35,141 [INFO] CodeEngine:279 - Generated code: C:\Users\marti\Documents\____school\Mikrocontrolers\MKS_Public\sesion_ETH\MXTmpFiles\rtos_threads.tmp
2024-12-13 14:00:35,167 [INFO] CodeEngine:255 - oldGeneratedFile, C:\Users\marti\Documents\____school\Mikrocontrolers\MKS_Public\sesion_ETH\Core\Inc\FreeRTOSConfig.h_save
2024-12-13 14:00:35,259 [INFO] CodeEngine:279 - Generated code: C:\Users\marti\Documents\____school\Mikrocontrolers\MKS_Public\sesion_ETH\Core\Inc\FreeRTOSConfig.h
2024-12-13 14:00:35,286 [INFO] CodeEngine:255 - oldGeneratedFile, C:\Users\marti\Documents\____school\Mikrocontrolers\MKS_Public\sesion_ETH\Core\Src\freertos.c_save
2024-12-13 14:00:35,370 [INFO] CodeEngine:279 - Generated code: C:\Users\marti\Documents\____school\Mikrocontrolers\MKS_Public\sesion_ETH\Core\Src\freertos.c
2024-12-13 14:00:35,378 [INFO] Middleware:1439 - No code input for Bsp Dependency
2024-12-13 14:00:35,413 [INFO] CodeEngine:255 - oldGeneratedFile, C:\Users\marti\Documents\____school\Mikrocontrolers\MKS_Public\sesion_ETH\LWIP\App\lwip.c_save
2024-12-13 14:00:35,502 [INFO] CodeEngine:279 - Generated code: C:\Users\marti\Documents\____school\Mikrocontrolers\MKS_Public\sesion_ETH\LWIP\App\lwip.c
2024-12-13 14:00:35,526 [INFO] CodeEngine:255 - oldGeneratedFile, C:\Users\marti\Documents\____school\Mikrocontrolers\MKS_Public\sesion_ETH\LWIP\App\lwip.h_save
2024-12-13 14:00:35,599 [INFO] CodeEngine:279 - Generated code: C:\Users\marti\Documents\____school\Mikrocontrolers\MKS_Public\sesion_ETH\LWIP\App\lwip.h
2024-12-13 14:00:35,621 [INFO] CodeEngine:255 - oldGeneratedFile, C:\Users\marti\Documents\____school\Mikrocontrolers\MKS_Public\sesion_ETH\LWIP\Target\lwipopts.h_save
2024-12-13 14:00:35,784 [INFO] CodeEngine:279 - Generated code: C:\Users\marti\Documents\____school\Mikrocontrolers\MKS_Public\sesion_ETH\LWIP\Target\lwipopts.h
2024-12-13 14:00:35,811 [INFO] CodeEngine:255 - oldGeneratedFile, C:\Users\marti\Documents\____school\Mikrocontrolers\MKS_Public\sesion_ETH\LWIP\Target\ethernetif.c_save
2024-12-13 14:00:35,925 [INFO] CodeEngine:279 - Generated code: C:\Users\marti\Documents\____school\Mikrocontrolers\MKS_Public\sesion_ETH\LWIP\Target\ethernetif.c
2024-12-13 14:00:35,951 [INFO] CodeEngine:255 - oldGeneratedFile, C:\Users\marti\Documents\____school\Mikrocontrolers\MKS_Public\sesion_ETH\LWIP\Target\ethernetif.h_save
2024-12-13 14:00:36,031 [INFO] CodeEngine:279 - Generated code: C:\Users\marti\Documents\____school\Mikrocontrolers\MKS_Public\sesion_ETH\LWIP\Target\ethernetif.h
2024-12-13 14:00:36,072 [INFO] CodeEngine:255 - oldGeneratedFile, C:\Users\marti\Documents\____school\Mikrocontrolers\MKS_Public\sesion_ETH\Core\Src\stm32f4xx_it.c_save
2024-12-13 14:00:36,265 [INFO] CodeEngine:279 - Generated code: C:\Users\marti\Documents\____school\Mikrocontrolers\MKS_Public\sesion_ETH\Core\Src\stm32f4xx_it.c
2024-12-13 14:00:36,291 [INFO] CodeEngine:255 - oldGeneratedFile, C:\Users\marti\Documents\____school\Mikrocontrolers\MKS_Public\sesion_ETH\Core\Inc\stm32f4xx_it.h_save
2024-12-13 14:00:36,393 [INFO] CodeEngine:279 - Generated code: C:\Users\marti\Documents\____school\Mikrocontrolers\MKS_Public\sesion_ETH\Core\Inc\stm32f4xx_it.h
2024-12-13 14:00:36,438 [INFO] CodeEngine:255 - oldGeneratedFile, C:\Users\marti\Documents\____school\Mikrocontrolers\MKS_Public\sesion_ETH\Core\Src\stm32f4xx_hal_msp.c_save
2024-12-13 14:00:36,560 [INFO] CodeEngine:279 - Generated code: C:\Users\marti\Documents\____school\Mikrocontrolers\MKS_Public\sesion_ETH\Core\Src\stm32f4xx_hal_msp.c
2024-12-13 14:00:36,573 [INFO] CodeEngine:255 - oldGeneratedFile, C:\Users\marti\Documents\____school\Mikrocontrolers\MKS_Public\sesion_ETH\MXTmpFiles\system.tmp_save
2024-12-13 14:00:36,639 [INFO] CodeEngine:279 - Generated code: C:\Users\marti\Documents\____school\Mikrocontrolers\MKS_Public\sesion_ETH\MXTmpFiles\system.tmp
2024-12-13 14:00:36,668 [INFO] CodeEngine:255 - oldGeneratedFile, C:\Users\marti\Documents\____school\Mikrocontrolers\MKS_Public\sesion_ETH\Core\Src\stm32f4xx_hal_timebase_tim.c_save
2024-12-13 14:00:36,756 [INFO] CodeEngine:279 - Generated code: C:\Users\marti\Documents\____school\Mikrocontrolers\MKS_Public\sesion_ETH\Core\Src\stm32f4xx_hal_timebase_tim.c
2024-12-13 14:00:36,789 [INFO] CodeEngine:311 - oldGeneratedFile, C:\Users\marti\Documents\____school\Mikrocontrolers\MKS_Public\sesion_ETH\Core\Inc\stm32f4xx_hal_conf.h_save
2024-12-13 14:00:36,885 [INFO] CodeEngine:335 - Generated code: C:\Users\marti\Documents\____school\Mikrocontrolers\MKS_Public\sesion_ETH\Core\Inc\stm32f4xx_hal_conf.h
2024-12-13 14:00:36,950 [INFO] CodeEngine:255 - oldGeneratedFile, C:\Users\marti\Documents\____school\Mikrocontrolers\MKS_Public\sesion_ETH\Core\Inc\main.h_save
2024-12-13 14:00:37,057 [INFO] CodeEngine:279 - Generated code: C:\Users\marti\Documents\____school\Mikrocontrolers\MKS_Public\sesion_ETH\Core\Inc\main.h
2024-12-13 14:00:37,084 [INFO] CodeEngine:255 - oldGeneratedFile, C:\Users\marti\Documents\____school\Mikrocontrolers\MKS_Public\sesion_ETH\Core\Src\main.c_save
2024-12-13 14:00:37,225 [INFO] CodeEngine:279 - Generated code: C:\Users\marti\Documents\____school\Mikrocontrolers\MKS_Public\sesion_ETH\Core\Src\main.c
2024-12-13 14:00:38,312 [INFO] ProjectBuilder:3249 - Time for Copy HAL[1] : 833mS.
2024-12-13 14:00:38,325 [INFO] ProjectBuilder:4828 - Project Generator version: 4.5.0-B34
2024-12-13 14:00:38,408 [INFO] ConfigFileManager:1531 - The Die is : DIE419
2024-12-13 14:00:40,089 [INFO] ProjectBuilder:5097 - Time for Generating toolchain IDE Files: 1764mS.
2024-12-13 14:00:40,090 [INFO] ProjectBuilder:3107 - Time for Copy CMSIS : 1mS.
2024-12-13 14:00:40,109 [INFO] ProjectBuilder:3107 - Time for Copy CMSIS : 0mS.
2024-12-13 17:42:02,490 [INFO] WebApp:189 - Connection lost
2024-12-13 17:42:14,674 [INFO] WebApp:186 - Connection restablished
2024-12-13 17:42:17,567 [INFO] WebApp:189 - Connection lost
2024-12-13 17:42:17,746 [INFO] WebApp:186 - Connection restablished
2024-12-13 17:48:27,646 [INFO] WebApp:189 - Connection lost
2024-12-13 17:48:27,961 [INFO] WebApp:186 - Connection restablished
2024-12-13 17:48:30,093 [INFO] WebApp:189 - Connection lost
2024-12-13 17:48:30,276 [INFO] WebApp:186 - Connection restablished
2024-12-13 17:48:33,173 [INFO] WebApp:189 - Connection lost
2024-12-13 17:48:33,296 [INFO] WebApp:186 - Connection restablished
2024-12-13 17:48:35,560 [INFO] WebApp:189 - Connection lost
2024-12-13 17:48:35,720 [INFO] WebApp:186 - Connection restablished
2024-12-13 17:48:42,535 [INFO] WebApp:189 - Connection lost
2024-12-13 17:48:42,705 [INFO] WebApp:186 - Connection restablished
2024-12-13 17:48:51,456 [INFO] WebApp:189 - Connection lost
2024-12-13 17:48:51,593 [INFO] WebApp:186 - Connection restablished
2024-12-13 17:48:54,538 [INFO] WebApp:189 - Connection lost
2024-12-13 17:48:54,692 [INFO] WebApp:186 - Connection restablished
2024-12-13 17:49:22,159 [INFO] WebApp:189 - Connection lost
2024-12-13 17:49:22,293 [INFO] WebApp:186 - Connection restablished
